INFO FelixStartLevel org.appdapter.osgi.felix.shell.AppdapterFelixShellBundleActivator - [SLF4J]org.appdapter.osgi.felix.shell.AppdapterFelixShellBundleActivator.start(ctx=org.apache.felix.framework.BundleContextImpl@4f34b07e)
INFO FelixStartLevel org.appdapter.osgi.felix.shell.AppdapterFelixShellBundleActivator - Is SLF4J->Log4J logging working?
INFO FelixStartLevel org.appdapter.osgi.felix.shell.AppdapterFelixShellBundleActivator - Starting demo browser[
INFO FelixStartLevel org.appdapter.gui.demo.DemoBrowser - [SLF4J] - DemoBrowser.pretendToBeAwesome()
INFO FelixStartLevel org.appdapter.gui.demo.DemoBrowser - DemoBrowser.main()-START
INFO FelixStartLevel org.appdapter.gui.demo.DemoBrowser - DemoBrowser.main()-END
INFO FelixStartLevel org.appdapter.osgi.felix.shell.AppdapterFelixShellBundleActivator - ]Finished starting browser, bundle activation .start() complete.
INFO FelixStartLevel org.appdapter.osgi.core.AppdapterCoreBundleActivator - org.appdapter.osgi.core.AppdapterCoreBundleActivator.start(ctx=org.apache.felix.framework.BundleContextImpl@32d8ca48)BEGIN-[
INFO FelixStartLevel org.appdapter.osgi.core.AppdapterCoreBundleActivator - org.appdapter.osgi.core.AppdapterCoreBundleActivator.start(ctx=org.apache.felix.framework.BundleContextImpl@32d8ca48)]-END
INFO FelixStartLevel org.cogchar.bundle.demo.all.CogcharDemoAllBundleActivator - [SLF4J]org.cogchar.bundle.demo.all.CogcharDemoAllBundleActivator.start(ctx=org.apache.felix.framework.BundleContextImpl@121321f5)
INFO FelixStartLevel org.cogchar.bundle.demo.all.CogcharDemoAllBundleActivator - [SLF4J]org.cogchar.bundle.demo.all.CogcharDemoAllBundleActivator.stop(ctx=org.apache.felix.framework.BundleContextImpl@121321f5)
INFO FelixStartLevel org.appdapter.osgi.core.AppdapterCoreBundleActivator - org.appdapter.osgi.core.AppdapterCoreBundleActivator.stop(ctx=org.apache.felix.framework.BundleContextImpl@32d8ca48)BEGIN-[
INFO FelixStartLevel org.appdapter.osgi.core.AppdapterCoreBundleActivator - org.appdapter.osgi.core.AppdapterCoreBundleActivator.stop(ctx=org.apache.felix.framework.BundleContextImpl@32d8ca48)]-END
INFO FelixStartLevel org.appdapter.osgi.felix.shell.AppdapterFelixShellBundleActivator - [SLF4J]org.appdapter.osgi.felix.shell.AppdapterFelixShellBundleActivator.stop(ctx=org.apache.felix.framework.BundleContextImpl@4f34b07e)
INFO FelixStartLevel org.appdapter.osgi.felix.shell.AppdapterFelixShellBundleActivator - [SLF4J]org.appdapter.osgi.felix.shell.AppdapterFelixShellBundleActivator.start(ctx=org.apache.felix.framework.BundleContextImpl@30296f76)
INFO FelixStartLevel org.appdapter.osgi.felix.shell.AppdapterFelixShellBundleActivator - Is SLF4J->Log4J logging working?
INFO FelixStartLevel org.appdapter.osgi.felix.shell.AppdapterFelixShellBundleActivator - Starting demo browser[
INFO FelixStartLevel org.appdapter.gui.demo.DemoBrowser - [SLF4J] - DemoBrowser.pretendToBeAwesome()
INFO FelixStartLevel org.appdapter.gui.demo.DemoBrowser - DemoBrowser.main()-START
INFO FelixStartLevel org.appdapter.gui.demo.DemoBrowser - DemoBrowser.main()-END
INFO FelixStartLevel org.appdapter.osgi.felix.shell.AppdapterFelixShellBundleActivator - ]Finished starting browser, bundle activation .start() complete.
INFO FelixStartLevel org.appdapter.osgi.core.AppdapterCoreBundleActivator - org.appdapter.osgi.core.AppdapterCoreBundleActivator.start(ctx=org.apache.felix.framework.BundleContextImpl@3d8f1be9)BEGIN-[
INFO FelixStartLevel org.appdapter.osgi.core.AppdapterCoreBundleActivator - org.appdapter.osgi.core.AppdapterCoreBundleActivator.start(ctx=org.apache.felix.framework.BundleContextImpl@3d8f1be9)]-END
INFO FelixStartLevel org.cogchar.bundle.demo.all.CogcharDemoAllBundleActivator - [SLF4J]org.cogchar.bundle.demo.all.CogcharDemoAllBundleActivator.start(ctx=org.apache.felix.framework.BundleContextImpl@42652110)
INFO FelixStartLevel org.cogchar.bundle.demo.all.CogcharDemoAllBundleActivator - [SLF4J]org.cogchar.bundle.demo.all.CogcharDemoAllBundleActivator.stop(ctx=org.apache.felix.framework.BundleContextImpl@42652110)
INFO FelixStartLevel org.appdapter.osgi.core.AppdapterCoreBundleActivator - org.appdapter.osgi.core.AppdapterCoreBundleActivator.stop(ctx=org.apache.felix.framework.BundleContextImpl@3d8f1be9)BEGIN-[
INFO FelixStartLevel org.appdapter.osgi.core.AppdapterCoreBundleActivator - org.appdapter.osgi.core.AppdapterCoreBundleActivator.stop(ctx=org.apache.felix.framework.BundleContextImpl@3d8f1be9)]-END
INFO FelixStartLevel org.appdapter.osgi.felix.shell.AppdapterFelixShellBundleActivator - [SLF4J]org.appdapter.osgi.felix.shell.AppdapterFelixShellBundleActivator.stop(ctx=org.apache.felix.framework.BundleContextImpl@30296f76)
INFO FelixStartLevel org.appdapter.osgi.felix.shell.AppdapterFelixShellBundleActivator - [SLF4J]org.appdapter.osgi.felix.shell.AppdapterFelixShellBundleActivator.start(ctx=org.apache.felix.framework.BundleContextImpl@4f34b07e)
INFO FelixStartLevel org.appdapter.osgi.felix.shell.AppdapterFelixShellBundleActivator - Is SLF4J->Log4J logging working?
INFO FelixStartLevel org.appdapter.osgi.felix.shell.AppdapterFelixShellBundleActivator - Starting demo browser[
INFO FelixStartLevel org.appdapter.gui.demo.DemoBrowser - [SLF4J] - DemoBrowser.pretendToBeAwesome()
INFO FelixStartLevel org.appdapter.gui.demo.DemoBrowser - DemoBrowser.main()-START
INFO FelixStartLevel org.appdapter.gui.demo.DemoBrowser - DemoBrowser.main()-END
INFO FelixStartLevel org.appdapter.osgi.felix.shell.AppdapterFelixShellBundleActivator - ]Finished starting browser, bundle activation .start() complete.
INFO FelixStartLevel org.appdapter.osgi.core.AppdapterCoreBundleActivator - org.appdapter.osgi.core.AppdapterCoreBundleActivator.start(ctx=org.apache.felix.framework.BundleContextImpl@1acaf0ed)BEGIN-[
INFO FelixStartLevel org.appdapter.osgi.core.AppdapterCoreBundleActivator - org.appdapter.osgi.core.AppdapterCoreBundleActivator.start(ctx=org.apache.felix.framework.BundleContextImpl@1acaf0ed)]-END
INFO FelixStartLevel org.cogchar.bundle.demo.all.CogcharDemoAllBundleActivator - [SLF4J]org.cogchar.bundle.demo.all.CogcharDemoAllBundleActivator.start(ctx=org.apache.felix.framework.BundleContextImpl@42652110)
INFO FelixStartLevel org.cogchar.bundle.demo.all.CogcharDemoAllBundleActivator - [SLF4J]org.cogchar.bundle.demo.all.CogcharDemoAllBundleActivator.stop(ctx=org.apache.felix.framework.BundleContextImpl@42652110)
INFO FelixStartLevel org.appdapter.osgi.core.AppdapterCoreBundleActivator - org.appdapter.osgi.core.AppdapterCoreBundleActivator.stop(ctx=org.apache.felix.framework.BundleContextImpl@1acaf0ed)BEGIN-[
INFO FelixStartLevel org.appdapter.osgi.core.AppdapterCoreBundleActivator - org.appdapter.osgi.core.AppdapterCoreBundleActivator.stop(ctx=org.apache.felix.framework.BundleContextImpl@1acaf0ed)]-END
INFO FelixStartLevel org.appdapter.osgi.felix.shell.AppdapterFelixShellBundleActivator - [SLF4J]org.appdapter.osgi.felix.shell.AppdapterFelixShellBundleActivator.stop(ctx=org.apache.felix.framework.BundleContextImpl@4f34b07e)
INFO FelixStartLevel org.appdapter.osgi.felix.shell.AppdapterFelixShellBundleActivator - [SLF4J]org.appdapter.osgi.felix.shell.AppdapterFelixShellBundleActivator.start(ctx=org.apache.felix.framework.BundleContextImpl@65efb4be)
INFO FelixStartLevel org.appdapter.osgi.felix.shell.AppdapterFelixShellBundleActivator - Is SLF4J->Log4J logging working?
INFO FelixStartLevel org.appdapter.osgi.felix.shell.AppdapterFelixShellBundleActivator - Starting demo browser[
INFO FelixStartLevel org.appdapter.gui.demo.DemoBrowser - [SLF4J] - DemoBrowser.pretendToBeAwesome()
INFO FelixStartLevel org.appdapter.gui.demo.DemoBrowser - DemoBrowser.main()-START
INFO FelixStartLevel org.appdapter.gui.demo.DemoBrowser - DemoBrowser.main()-END
INFO FelixStartLevel org.appdapter.osgi.felix.shell.AppdapterFelixShellBundleActivator - ]Finished starting browser, bundle activation .start() complete.
INFO FelixStartLevel org.appdapter.osgi.core.AppdapterCoreBundleActivator - org.appdapter.osgi.core.AppdapterCoreBundleActivator.start(ctx=org.apache.felix.framework.BundleContextImpl@3d9ea173)BEGIN-[
INFO FelixStartLevel org.appdapter.osgi.core.AppdapterCoreBundleActivator - org.appdapter.osgi.core.AppdapterCoreBundleActivator.start(ctx=org.apache.felix.framework.BundleContextImpl@3d9ea173)]-END
INFO FelixStartLevel org.cogchar.bundle.demo.all.CogcharDemoAllBundleActivator - [SLF4J]org.cogchar.bundle.demo.all.CogcharDemoAllBundleActivator.start(ctx=org.apache.felix.framework.BundleContextImpl@31984a9d)
INFO FelixStartLevel org.cogchar.bundle.demo.all.CogcharDemoAllBundleActivator - [SLF4J]org.cogchar.bundle.demo.all.CogcharDemoAllBundleActivator.stop(ctx=org.apache.felix.framework.BundleContextImpl@31984a9d)
INFO FelixStartLevel org.appdapter.osgi.core.AppdapterCoreBundleActivator - org.appdapter.osgi.core.AppdapterCoreBundleActivator.stop(ctx=org.apache.felix.framework.BundleContextImpl@3d9ea173)BEGIN-[
INFO FelixStartLevel org.appdapter.osgi.core.AppdapterCoreBundleActivator - org.appdapter.osgi.core.AppdapterCoreBundleActivator.stop(ctx=org.apache.felix.framework.BundleContextImpl@3d9ea173)]-END
INFO FelixStartLevel org.appdapter.osgi.felix.shell.AppdapterFelixShellBundleActivator - [SLF4J]org.appdapter.osgi.felix.shell.AppdapterFelixShellBundleActivator.stop(ctx=org.apache.felix.framework.BundleContextImpl@65efb4be)
